"../../../../../../UnrealProjects/SmallShooter/Content/FPSwordAndShield/Animations/Y-Forward/1_ReadThisFirst.uasset" 0
"../../../Engine/Content/Functions/Engine_MaterialFunctions01/Opacity/CameraDepthFade.uasset" 1
"../../../Engine/Content/EngineMaterials/T_Default_Material_Grid_N.uasset" 2
"../../../Engine/Content/EngineMaterials/T_Default_Material_Grid_M.uasset" 3
"../../../Engine/Content/EngineMaterials/WorldGridMaterial.uasset" 4
"../../../Engine/Content/ArtTools/RenderToTexture/Meshes/S_1_Unit_Plane.uasset" 5
"../../../Engine/Content/EngineMaterials/DefaultMaterial.uasset" 6
"../../../Engine/Content/BasicShapes/Cone.uasset" 7
"../../../Engine/Content/BasicShapes/Cube.uasset" 8
"../../../Engine/Content/EditorLandscapeResources/DataLayer.uasset" 9
"../../../Engine/Content/EditorLandscapeResources/DefaultAlphaTexture.uasset" 10
"../../../Engine/Content/EditorMaterials/MAT_Groups_Toggle.uasset" 11
"../../../Engine/Content/EditorMaterials/MAT_Groups_Visibility.uasset" 12
"../../../Engine/Content/EditorMaterials/PreviewShadowIndicator.uasset" 13
"../../../Engine/Content/EditorMaterials/PreviewShadowIndicatorMaterial.uasset" 14
"../../../Engine/Content/EditorMaterials/MatineeGroups/MAT_ColorTrack.uasset" 15
"../../../Engine/Content/EditorMaterials/MatineeGroups/MAT_Groups_Anim.uasset" 16
"../../../Engine/Content/EditorMaterials/MatineeGroups/MAT_Groups_AudioMaster.uasset" 17
"../../../Engine/Content/EditorMaterials/MatineeGroups/MAT_Groups_Director.uasset" 18
"../../../Engine/Content/EditorMaterials/MatineeGroups/MAT_Groups_Event.uasset" 19
"../../../Engine/Content/EditorMaterials/MatineeGroups/MAT_Groups_Fade.uasset" 20
"../../../Engine/Content/EditorMaterials/MatineeGroups/MAT_Groups_Float.uasset" 21
"../../../Engine/Content/EditorMaterials/MatineeGroups/MAT_Groups_Move.uasset" 22
"../../../Engine/Content/EditorMaterials/MatineeGroups/MAT_Groups_Slomo.uasset" 23
"../../../Engine/Content/EditorMaterials/MatineeGroups/MAT_Groups_Sound.uasset" 24
"../../../Engine/Content/EditorMaterials/MatineeGroups/MAT_Groups_Vector.uasset" 25
"../../../Engine/Content/EditorMaterials/ParticleSystems/PSysThumbnail_NoImage.uasset" 26
"../../../Engine/Content/EditorMaterials/ParticleSystems/PSysThumbnail_OOD.uasset" 27
"../../../Engine/Content/EditorMaterials/Camera/CineMat.uasset" 28
"../../../Engine/Content/EditorMaterials/Camera/MI_CineMat_Rig.uasset" 29
"../../../Engine/Content/EditorMeshes/Camera/SM_CraneRig_Arm.uasset" 30
"../../../Engine/Content/EditorMeshes/Camera/SM_CraneRig_Base.uasset" 31
"../../../Engine/Content/EditorMeshes/Camera/SM_CraneRig_Body.uasset" 32
"../../../Engine/Content/EditorMeshes/Camera/SM_CraneRig_Mount.uasset" 33
"../../../Engine/Content/EditorMeshes/Camera/SM_RailRig_Mount.uasset" 34
"../../../Engine/Content/EditorMeshes/Camera/SM_RailRig_Track.uasset" 35
"../../../Engine/Content/EditorResources/BSPVertex.uasset" 36
"../../../Engine/Content/EditorResources/EmptyActor.uasset" 37
"../../../Engine/Content/EditorResources/S_Actor.uasset" 38
"../../../Engine/Content/EditorResources/S_Note.uasset" 39
"../../../Engine/Content/EditorResources/S_Solver.uasset" 40
"../../../Engine/Content/EditorResources/S_Terrain.uasset" 41
"../../../Engine/Content/EditorResources/S_Trigger.uasset" 42
"../../../Engine/Content/EditorResources/LightIcons/S_LightError.uasset" 43
"../../../Engine/Content/EditorResources/SequenceRecorder/Countdown.uasset" 44
"../../../Engine/Content/EditorResources/SequenceRecorder/RecordingIndicator.uasset" 45
"../../../Engine/Content/EngineDamageTypes/DmgTypeBP_Environmental.uasset" 46
"../../../Engine/Content/EngineDebugMaterials/DebugEditorMaterial.uasset" 47
"../../../Engine/Content/EngineDebugMaterials/DebugMeshMaterial.uasset" 48
"../../../Engine/Content/EngineDebugMaterials/M_SimpleUnlitTranslucent.uasset" 49
"../../../Engine/Content/Functions/Engine_MaterialFunctions02/Utility/CameraDirectionVector.uasset" 50
"../../../Engine/Content/EngineDebugMaterials/VolumeToRender.uasset" 51
"../../../Engine/Content/EngineDebugMaterials/M_VolumeRenderSphereTracePP.uasset" 52
"../../../Engine/Content/Functions/Engine_MaterialFunctions01/Shading/ConvertFromDiffSpec.uasset" 53
"../../../Engine/Content/EngineDebugMaterials/VertexColorMaterial.uasset" 54
"../../../Engine/Content/EngineDebugMaterials/WireframeMaterial.uasset" 55
"../../../Engine/Content/EngineFonts/Faces/RobotoRegular.uasset" 56
"../../../Engine/Content/EngineFonts/Faces/RobotoLight.uasset" 57
"../../../Engine/Content/EngineFonts/Faces/RobotoItalic.uasset" 58
"../../../Engine/Content/EngineFonts/Faces/RobotoBoldItalic.uasset" 59
"../../../Engine/Content/EngineFonts/Faces/RobotoBold.uasset" 60
"../../../Engine/Content/EngineFonts/Faces/DroidSansFallback.uasset" 61
"../../../Engine/Content/EngineFonts/Roboto.uasset" 62
"../../../Engine/Content/EngineMaterials/BaseFlattenNormalMap.uasset" 63
"../../../Engine/Content/EngineMaterials/BaseFlattenGrayscaleMap.uasset" 64
"../../../Engine/Content/EngineMaterials/BaseFlattenEmissiveMap.uasset" 65
"../../../Engine/Content/EngineMaterials/BaseFlattenDiffuseMap.uasset" 66
"../../../Engine/Content/EngineMaterials/BaseFlattenMaterial.uasset" 67
"../../../Engine/Content/EngineMaterials/BlueNoise.uasset" 68
"../../../Engine/Content/EngineMaterials/DefaultBloomKernel.uasset" 69
"../../../Engine/Content/EngineMaterials/DefaultBokeh.uasset" 70
"../../../Engine/Content/EngineMaterials/DefaultDiffuse.uasset" 71
"../../../Engine/Content/EngineMaterials/DefaultDeferredDecalMaterial.uasset" 72
"../../../Engine/Content/EngineMaterials/DefaultLightFunctionMaterial.uasset" 73
"../../../Engine/Content/EngineMaterials/DefaultPhysicalMaterial.uasset" 74
"../../../Engine/Content/Functions/Engine_MaterialFunctions02/Utility/BreakOutFloat2Components.uasset" 75
"../../../Engine/Content/EngineMaterials/DefaultPostProcessMaterial.uasset" 76
"../../../Engine/Content/EngineFonts/RobotoDistanceField.uasset" 77
"../../../Engine/Content/EngineMaterials/DefaultTextMaterialOpaque.uasset" 78
"../../../Engine/Content/EngineMaterials/DefaultWhiteGrid.uasset" 79
"../../../Engine/Content/EngineMaterials/DefaultWhiteGrid_Low.uasset" 80
"../../../Engine/Content/EngineMaterials/EmissiveMeshMaterial.uasset" 81
"../../../Engine/Content/EngineMaterials/GizmoMaterial.uasset" 82
"../../../Engine/Content/EngineMaterials/Good64x64TilingNoiseHighFreq.uasset" 83
"../../../Engine/Content/EngineMaterials/MiniFont.uasset" 84
"../../../Engine/Content/EngineMaterials/InvalidLightmapSettings.uasset" 85
"../../../Engine/Content/EngineMaterials/M_InvalidLightmapSettings.uasset" 86
"../../../Engine/Content/Functions/Engine_MaterialFunctions02/WorldPositionOffset/CameraOffset.uasset" 87
"../../../Engine/Content/EngineMaterials/PhAT_JointLimitMaterial.uasset" 88
"../../../Engine/Content/EngineMaterials/PreintegratedSkinBRDF.uasset" 89
"../../../Engine/Content/EngineMaterials/RemoveSurfaceMaterial.uasset" 90
"../../../Engine/Content/EngineMaterials/WeightMapPlaceholderTexture.uasset" 91
"../../../Engine/Content/EngineResources/WhiteSquareTexture.uasset" 92
"../../../Engine/Content/EngineMaterials/Widget3DPassThrough.uasset" 93
"../../../Engine/Content/EngineMaterials/Widget3DPassThrough_Masked.uasset" 94
"../../../Engine/Content/EngineMaterials/Widget3DPassThrough_Opaque.uasset" 95
"../../../Engine/Content/EngineMaterials/Widget3DPassThrough_Masked_OneSided.uasset" 96
"../../../Engine/Content/EngineMaterials/Widget3DPassThrough_Opaque_OneSided.uasset" 97
"../../../Engine/Content/EngineMaterials/Widget3DPassThrough_Translucent.uasset" 98
"../../../Engine/Content/EngineMaterials/Widget3DPassThrough_Translucent_OneSided.uasset" 99
"../../../Engine/Content/EngineMeshes/Cylinder.uasset" 100
"../../../Engine/Content/EngineMeshes/Sphere.uasset" 101
"../../../Engine/Content/EngineResources/Black.uasset" 102
"../../../Engine/Content/EngineResources/DefaultTextureCube.uasset" 103
"../../../Engine/Content/EngineResources/DefaultVolumeTexture2D.uasset" 104
"../../../Engine/Content/EngineResources/DefaultVolumeTexture.uasset" 105
"../../../Engine/Content/EngineResources/GradientTexture0.uasset" 106
"../../../Engine/Content/EngineSky/VolumetricClouds/T_NoiseShape64.uasset" 107
"../../../Engine/Content/EngineSky/VolumetricClouds/T_VolumeNoiseShape64.uasset" 108
"../../../Engine/Content/EngineSky/VolumetricClouds/T_NoiseErosion.uasset" 109
"../../../Engine/Content/EngineSky/VolumetricClouds/T_VolumeNoiseErosion32.uasset" 110
"../../../Engine/Content/Functions/Engine_MaterialFunctions02/Utility/MakeFloat2.uasset" 111
"../../../Engine/Content/EngineSky/VolumetricClouds/CloudWeatherTexture.uasset" 112
"../../../Engine/Content/EngineSky/VolumetricClouds/CloudGradientTexture.uasset" 113
"../../../Engine/Content/EngineSky/VolumetricClouds/m_SimpleVolumetricCloud.uasset" 114
"../../../Engine/Content/EngineSky/VolumetricClouds/m_SimpleVolumetricCloud_Inst.uasset" 115
"../../../Engine/Content/EngineSounds/Master.uasset" 116
"../../../Engine/Content/Functions/Engine_MaterialFunctions01/Shading/PowerToRoughness.uasset" 117
"../../../Engine/Content/Maps/Templates/Thumbnails/Default.uasset" 118
"../../../Engine/Content/Maps/Templates/Thumbnails/TimeOfDay.uasset" 119
"../../../Engine/Content/Maps/Templates/Thumbnails/VR-Basic.uasset" 120
"../../../Engine/Content/MobileResources/T_MobileControls_texture.uasset" 121
"../../../Engine/Content/MobileResources/T_MobileMenu2.uasset" 122
"../../../Engine/Content/MobileResources/HUD/AnalogHat.uasset" 123
"../../../Engine/Content/MobileResources/HUD/VirtualJoystick_Thumb.uasset" 124
"../../../Engine/Content/MobileResources/HUD/VirtualJoystick_Background.uasset" 125
"../../../Engine/Content/MobileResources/HUD/DefaultVirtualJoysticks.uasset" 126
"../../../Engine/Content/MobileResources/HUD/LeftVirtualJoystickOnly.uasset" 127
"../../../Engine/Content/MobileResources/HUD/MobileHUDButton1_off.uasset" 128
"../../../Engine/Content/MobileResources/HUD/MobileHUDButton1_on.uasset" 129
"../../../Engine/Content/MobileResources/HUD/MobileHUDButton2_off.uasset" 130
"../../../Engine/Content/MobileResources/HUD/MobileHUDButton2_on.uasset" 131
"../../../Engine/Content/MobileResources/HUD/MobileHUDButton3.uasset" 132
"../../../Engine/Content/MobileResources/HUD/MobileHUDButtonFire.uasset" 133
"../../../Engine/Content/MobileResources/HUD/MobileHUDDirectionPad.uasset" 134
"../../../Engine/Content/MobileResources/HUD/MobileHUDDirectionPad2.uasset" 135
"../../../Engine/Content/MobileResources/HUD/MobileHUDDirectionPad3.uasset" 136
"../../../Engine/Content/MobileResources/HUD/MobileHUDDirectionStick.uasset" 137
"../../../Engine/Content/MobileResources/HUD/T_Castle_ThumbstickInner.uasset" 138
"../../../Engine/Content/MobileResources/HUD/T_Castle_ThumbstickOutter.uasset" 139
"../../../Engine/Content/Tutorial/ContentIntroCurve.uasset" 140
"../../../Engine/Content/Tutorial/Basics/LevelEditorAttract.uasset" 141
"../../../Engine/Content/Tutorial/Basics/TutorialAssets/icon_tab_Levels_40x.uasset" 142
"../../../Engine/Content/Tutorial/Basics/LevelEditorOverview.uasset" 143
"../../../Engine/Content/Tutorial/BlueprintTutorials/TutorialAssets/Blueprint_64x.uasset" 144
"../../../Engine/Content/Tutorial/BlueprintTutorials/BlueprintEditorTutorial.uasset" 145
"../../../Engine/Content/Tutorial/BlueprintTutorials/LevelBlueprintEditorOverview.uasset" 146
"../../../Engine/Content/Tutorial/SubEditors/GettingSubstance.uasset" 147
"../../../Engine/Content/VREditor/TransformGizmo/TranslucentTransformGizmoMaterial.uasset" 148
"../../../Engine/Content/VREditor/LaserPointer/VR_LaserPower_01.uasset" 149
"../../../Engine/Content/VREditor/TransformGizmo/TransformGizmoMaterial.uasset" 150
"../../../Engine/Content/VREditor/TransformGizmo/BoundingBoxCorner.uasset" 151
"../../../Engine/Content/VREditor/TransformGizmo/BoundingBoxEdge.uasset" 152
"../../../Engine/Content/VREditor/TransformGizmo/PlaneTranslationHandle.uasset" 153
"../../../Engine/Content/VREditor/TransformGizmo/Xray.uasset" 154
"../../../Engine/Content/VREditor/TransformGizmo/Main.uasset" 155
"../../../Engine/Content/VREditor/TransformGizmo/SM_Sequencer_Key.uasset" 156
"../../../Engine/Content/VREditor/TransformGizmo/SM_Sequencer_Node.uasset" 157
"../../Plugins/2D/Paper2D/Content/PlaceholderTextures/DummySpriteTexture.uasset" 158
"../../Plugins/2D/Paper2D/Content/DummySprite.uasset" 159
"../../Plugins/2D/Paper2D/Content/DefaultPaperTerrainMaterial.uasset" 160
"../../Plugins/2D/Paper2D/Content/DefaultSpriteMaterial.uasset" 161
"../../Plugins/2D/Paper2D/Content/MaskedUnlitSpriteMaterial.uasset" 162
"../../Plugins/2D/Paper2D/Content/OpaqueUnlitSpriteMaterial.uasset" 163
"../../../Engine/Content/Functions/Engine_MaterialFunctions02/ObjectLocalBounds.uasset" 164
"../../../Engine/Content/Functions/Engine_MaterialFunctions02/Utility/BreakOutFloat3Components.uasset" 165
"../../Plugins/Editor/SpeedTreeImporter/Content/SpeedTree9/UnpackInteger3.uasset" 166
"../../Plugins/Editor/SpeedTreeImporter/Content/SpeedTree9/UnpackDirection.uasset" 167
"../../Plugins/Editor/SpeedTreeImporter/Content/SpeedTree9/game_wind_noise.uasset" 168
"../../../Engine/Content/Functions/Engine_MaterialFunctions02/SafeNormalize.uasset" 169
"../../Plugins/Editor/SpeedTreeImporter/Content/SpeedTree9/SpeedTreeWindMotion.uasset" 170
"../../Plugins/Editor/SpeedTreeImporter/Content/SpeedTree9/SpeedTreeBranchMotion.uasset" 171
"../../../Engine/Content/Functions/Engine_MaterialFunctions02/UVs/BoundingBoxBased_0-1_UVW.uasset" 172
"../../Plugins/Editor/SpeedTreeImporter/Content/SpeedTree9/SpeedTreeWind.uasset" 173
"../../Plugins/Editor/SpeedTreeImporter/Content/SpeedTree9/SpeedTreeBillboard.uasset" 174
"../../../Engine/Content/EngineResources/DefaultTexture.uasset" 175
"../../Plugins/Editor/SpeedTreeImporter/Content/SpeedTree9/SpeedTreeBillboardMaster.uasset" 176
"../../Plugins/Editor/SpeedTreeImporter/Content/SpeedTree9/SpeedTreeCameraFacing.uasset" 177
"../../Plugins/Editor/SpeedTreeImporter/Content/SpeedTree9/SpeedTreeMaster.uasset" 178
"../../../Engine/Content/ArtTools/RenderToTexture/Materials/Debug/M_Emissive_Color.uasset" 179
"../../../Engine/Content/BasicShapes/Cylinder.uasset" 180
"../../Plugins/Lumin/MagicLeapPassableWorld/Content/MagicLeapARPinInfoActor.uasset" 181
"../../../Engine/Content/Functions/Engine_MaterialFunctions02/Utility/MakeFloat3.uasset" 182
"../../../Engine/Content/Functions/Engine_MaterialFunctions02/Utility/BreakOutFloat4Components.uasset" 183
"../../Plugins/Runtime/Oculus/OculusVR/Content/Materials/OculusMR_ChromaKey.uasset" 184
"../../Plugins/Runtime/Oculus/OculusVR/Content/Materials/OculusMR_OpaqueColoredMaterial.uasset" 185
"../../Plugins/Runtime/Oculus/OculusVR/Content/Materials/PokeAHoleMaterial.uasset" 186
"../../../../../../UnrealProjects/SmallShooter/Content/VehicleVarietyPack/Textures/BoxTruck/TX_Truck_Interior_ORM.uasset" 187
"../../../../../../UnrealProjects/SmallShooter/Content/VehicleVarietyPack/Textures/BoxTruck/TX_Truck_Interior_Normal.uasset" 188
"../../../../../../UnrealProjects/SmallShooter/Content/VehicleVarietyPack/Textures/BoxTruck/TX_Truck_Interior_Diffuse.uasset" 189
"../../../../../../UnrealProjects/SmallShooter/Content/VehicleVarietyPack/Materials/BoxTruck/M_BoxTruck_Interior.uasset" 190
"../../../../../../UnrealProjects/SmallShooter/Content/VehicleVarietyPack/Textures/BoxTruck/TX_Truck_Chassis_ORM.uasset" 191
"../../../../../../UnrealProjects/SmallShooter/Content/VehicleVarietyPack/Textures/BoxTruck/TX_Truck_Chassis_Normal.uasset" 192
"../../../../../../UnrealProjects/SmallShooter/Content/VehicleVarietyPack/Textures/BoxTruck/TX_Truck_Chassis_EMM.uasset" 193
"../../../../../../UnrealProjects/SmallShooter/Content/VehicleVarietyPack/Textures/BoxTruck/TX_Truck_Chassis_Diffuse.uasset" 194
"../../../../../../UnrealProjects/SmallShooter/Content/VehicleVarietyPack/Materials/BoxTruck/M_BoxTruck_Chassis.uasset" 195
"../../../../../../UnrealProjects/SmallShooter/Content/VehicleVarietyPack/Textures/BoxTruck/TX_Truck_Box_ORM.uasset" 196
"../../../../../../UnrealProjects/SmallShooter/Content/VehicleVarietyPack/Textures/BoxTruck/TX_Truck_Box_Normal.uasset" 197
"../../../../../../UnrealProjects/SmallShooter/Content/VehicleVarietyPack/Textures/BoxTruck/TX_Truck_Box_Diffuse.uasset" 198
"../../../../../../UnrealProjects/SmallShooter/Content/VehicleVarietyPack/Materials/BoxTruck/M_BoxTruck_Box.uasset" 199
"../../../../../../UnrealProjects/SmallShooter/Content/VehicleVarietyPack/Textures/BoxTruck/TX_Truck_Exterior_ORM.uasset" 200
"../../../../../../UnrealProjects/SmallShooter/Content/VehicleVarietyPack/Textures/BoxTruck/TX_Truck_Exterior_Normal.uasset" 201
"../../../../../../UnrealProjects/SmallShooter/Content/VehicleVarietyPack/Textures/BoxTruck/TX_Truck_Exterior_EMM.uasset" 202
"../../../../../../UnrealProjects/SmallShooter/Content/VehicleVarietyPack/Textures/BoxTruck/TX_Truck_Exterior_Diffuse.uasset" 203
"../../../../../../UnrealProjects/SmallShooter/Content/VehicleVarietyPack/Materials/BoxTruck/M_BoxTruck_Body.uasset" 204
"../../../../../../UnrealProjects/SmallShooter/Content/VehicleVarietyPack/Textures/BoxTruck/TX_Truck_Glass_ORM.uasset" 205
"../../../../../../UnrealProjects/SmallShooter/Content/VehicleVarietyPack/Textures/BoxTruck/TX_Truck_Glass_OPC.uasset" 206
"../../../../../../UnrealProjects/SmallShooter/Content/VehicleVarietyPack/Textures/BoxTruck/TX_Truck_Glass_Normal.uasset" 207
"../../../../../../UnrealProjects/SmallShooter/Content/VehicleVarietyPack/Textures/BoxTruck/TX_Truck_Glass_Diffuse.uasset" 208
"../../../../../../UnrealProjects/SmallShooter/Content/VehicleVarietyPack/Textures/Pickup/TX_Pickup_ORM.uasset" 209
"../../../../../../UnrealProjects/SmallShooter/Content/VehicleVarietyPack/Textures/Pickup/TX_Pickup_OPC_2.uasset" 210
"../../../../../../UnrealProjects/SmallShooter/Content/VehicleVarietyPack/Textures/Pickup/TX_Pickup_Normal_2.uasset" 211
"../../../../../../UnrealProjects/SmallShooter/Content/VehicleVarietyPack/Textures/Pickup/TX_Pickup_Diffuse_2.uasset" 212
"../../../../../../UnrealProjects/SmallShooter/Content/VehicleVarietyPack/Materials/Masters/M_Glass.uasset" 213
"../../../../../../UnrealProjects/SmallShooter/Content/VehicleVarietyPack/Materials/BoxTruck/Mi_BoxTruck_Glass.uasset" 214
"../../../../../../UnrealProjects/SmallShooter/Content/VehicleVarietyPack/Meshes/SM_Truck_Box.uasset" 215
"../../../../../../UnrealProjects/SmallShooter/Content/VehicleVarietyPack/Textures/SUV/TX_SUV_Undercar_ORM.uasset" 216
"../../../../../../UnrealProjects/SmallShooter/Content/VehicleVarietyPack/Textures/SUV/TX_SUV_Undercar_Normal.uasset" 217
"../../../../../../UnrealProjects/SmallShooter/Content/VehicleVarietyPack/Textures/SUV/TX_SUV_Undercar_Diffuse.uasset" 218
"../../../../../../UnrealProjects/SmallShooter/Content/VehicleVarietyPack/Materials/SUV/M_SUV_Under.uasset" 219
"../../../../../../UnrealProjects/SmallShooter/Content/VehicleVarietyPack/Textures/SUV/TX_SUV_Details_ORM.uasset" 220
"../../../../../../UnrealProjects/SmallShooter/Content/VehicleVarietyPack/Textures/SUV/TX_SUV_Details_Normal.uasset" 221
"../../../../../../UnrealProjects/SmallShooter/Content/VehicleVarietyPack/Textures/SUV/TX_SUV_Details_Diffuse.uasset" 222
"../../../../../../UnrealProjects/SmallShooter/Content/VehicleVarietyPack/Materials/SUV/M_SUV_Interior.uasset" 223
"../../../../../../UnrealProjects/SmallShooter/Content/VehicleVarietyPack/Textures/SUV/TX_SUV_Main_ORM.uasset" 224
"../../../../../../UnrealProjects/SmallShooter/Content/VehicleVarietyPack/Textures/SUV/TX_SUV_Main_Normal.uasset" 225
"../../../../../../UnrealProjects/SmallShooter/Content/VehicleVarietyPack/Textures/SUV/TX_SUV_Main_Emissive.uasset" 226
"../../../../../../UnrealProjects/SmallShooter/Content/VehicleVarietyPack/Textures/SUV/TX_SUV_Main_Diffuse.uasset" 227
"../../../../../../UnrealProjects/SmallShooter/Content/VehicleVarietyPack/Materials/SUV/M_SUV_Body.uasset" 228
"../../../../../../UnrealProjects/SmallShooter/Content/VehicleVarietyPack/Textures/SUV/TX_SUV_Glass_ORM.uasset" 229
"../../../../../../UnrealProjects/SmallShooter/Content/VehicleVarietyPack/Textures/SUV/TX_SUV_Glass_Normal.uasset" 230
"../../../../../../UnrealProjects/SmallShooter/Content/VehicleVarietyPack/Textures/SUV/TX_SUV_Glass_BaseColor.uasset" 231
"../../../../../../UnrealProjects/SmallShooter/Content/VehicleVarietyPack/Materials/SUV/Mi_SUV_Glass.uasset" 232
"../../../../../../UnrealProjects/SmallShooter/Content/VehicleVarietyPack/Meshes/SM_SUV.uasset" 233
"../../../../../../UnrealProjects/SmallShooter/Content/StarterContent/Textures/T_Frame_N.uasset" 234
"../../../../../../UnrealProjects/SmallShooter/Content/StarterContent/Textures/T_Frame_M.uasset" 235
"../../../../../../UnrealProjects/SmallShooter/Content/StarterContent/Props/Materials/M_Frame.uasset" 236
"../../../../../../UnrealProjects/SmallShooter/Content/StarterContent/Props/SM_WindowFrame.uasset" 237
"../../../../../../UnrealProjects/SmallShooter/Content/StarterContent/Props/SM_DoorFrame.uasset" 238
"../../../../../../UnrealProjects/SmallShooter/Content/StarterContent/Materials/M_Glass.uasset" 239
"../../../../../../UnrealProjects/SmallShooter/Content/StarterContent/Textures/T_Door_N.uasset" 240
"../../../../../../UnrealProjects/SmallShooter/Content/StarterContent/Textures/T_Door_M.uasset" 241
"../../../../../../UnrealProjects/SmallShooter/Content/StarterContent/Props/Materials/M_Door.uasset" 242
"../../../../../../UnrealProjects/SmallShooter/Content/StarterContent/Props/SM_Door.uasset" 243
"../../../../../../UnrealProjects/SmallShooter/Content/StarterContent/Materials/M_Basic_Wall.uasset" 244
"../../../../../../UnrealProjects/SmallShooter/Content/StarterContent/Architecture/Wall_400x200.uasset" 245
"../../../../../../UnrealProjects/SmallShooter/Content/StarterContent/Architecture/Pillar_50x500.uasset" 246
"../../../../../../UnrealProjects/SmallShooter/Content/Polygonmaker/Monsters/Zombie/Meshes/SK_Zombie_1_LODSettings.uasset" 247
"../../../../../../UnrealProjects/SmallShooter/Content/Polygonmaker/Monsters/Zombie/Textures/T_Zombie_01_SSS.uasset" 248
"../../../../../../UnrealProjects/SmallShooter/Content/Polygonmaker/Monsters/Zombie/Textures/T_Zombie_01_N.uasset" 249
"../../../../../../UnrealProjects/SmallShooter/Content/Polygonmaker/Monsters/Zombie/Textures/T_Zombie_01_MS.uasset" 250
"../../../../../../UnrealProjects/SmallShooter/Content/Polygonmaker/Monsters/Zombie/Textures/T_Zombie_01_E.uasset" 251
"../../../../../../UnrealProjects/SmallShooter/Content/Polygonmaker/Monsters/Zombie/Textures/T_Zombie_01_D.uasset" 252
"../../../../../../UnrealProjects/SmallShooter/Content/Polygonmaker/Monsters/Zombie/Textures/General/T_White_D.uasset" 253
"../../../../../../UnrealProjects/SmallShooter/Content/Polygonmaker/Monsters/Zombie/Textures/General/T_Flat_N.uasset" 254
"../../../../../../UnrealProjects/SmallShooter/Content/Polygonmaker/Monsters/Zombie/Textures/General/T_BlackLinear_D.uasset" 255
"../../../../../../UnrealProjects/SmallShooter/Content/Polygonmaker/Monsters/Zombie/Textures/General/T_Black_M.uasset" 256
"../../../../../../UnrealProjects/SmallShooter/Content/Polygonmaker/Monsters/Zombie/Materials/M_DefaultSkin.uasset" 257
"../../../../../../UnrealProjects/SmallShooter/Content/Polygonmaker/Monsters/Zombie/Materials/M_Zombie_01.uasset" 258
"../../../../../../UnrealProjects/SmallShooter/Content/Polygonmaker/Monsters/Zombie/Meshes/SK_Zombie_1_PhysicsAsset.uasset" 259
"../../../Engine/Content/EngineMeshes/Humanoid.uasset" 260
"../../../../../../UnrealProjects/SmallShooter/Content/Polygonmaker/Monsters/Zombie/Meshes/Mesh/UE4_Mannequin_Skeleton.uasset" 261
"../../../../../../UnrealProjects/SmallShooter/Content/Polygonmaker/Monsters/Zombie/Meshes/SK_Zombie_1.uasset" 262
"../../../../../../UnrealProjects/SmallShooter/Content/GoodSky/Source/Textures/T_GoodSky_Stars.uasset" 263
"../../../../../../UnrealProjects/SmallShooter/Content/GoodSky/Source/Textures/T_GoodSky_noise_smooth.uasset" 264
"../../../../../../UnrealProjects/SmallShooter/Content/GoodSky/Source/Textures/T_GoodSky_clouds_sphere.uasset" 265
"../../../../../../UnrealProjects/SmallShooter/Content/GoodSky/Source/Textures/T_GoodSky_clouds_F.uasset" 266
"../../../../../../UnrealProjects/SmallShooter/Content/GoodSky/Source/Textures/T_GoodSky_clouds_D.uasset" 267
"../../../../../../UnrealProjects/SmallShooter/Content/GoodSky/Source/Textures/T_GoodSky_clouds_B.uasset" 268
"../../../../../../UnrealProjects/SmallShooter/Content/GoodSky/Source/Textures/T_GoodSky_clouds_A.uasset" 269
"../../../Engine/Content/Functions/Engine_MaterialFunctions01/Gradient/LinearGradient.uasset" 270
"../../../../../../UnrealProjects/SmallShooter/Content/GoodSky/Source/Materials/Material_Function/MF_GoodSky_Top_part_alpha.uasset" 271
"../../../../../../UnrealProjects/SmallShooter/Content/GoodSky/Source/Materials/Material_Function/MF_GoodSky_Time.uasset" 272
"../../../../../../UnrealProjects/SmallShooter/Content/GoodSky/Source/Materials/Material_Function/MF_GoodSky_SkyDomeAlpha.uasset" 273
"../../../../../../UnrealProjects/SmallShooter/Content/GoodSky/Source/Materials/Material_Function/MF_GoodSky_Global_Setting.uasset" 274
"../../../../../../UnrealProjects/SmallShooter/Content/GoodSky/Source/Materials/Material_Function/MF_GoodSky_Clouds_Setting.uasset" 275
"../../../../../../UnrealProjects/SmallShooter/Content/GoodSky/Source/Materials/M_GoodSky_Base.uasset" 276
"../../../../../../UnrealProjects/SmallShooter/Content/GoodSky/Source/Mesh/SM_GoodSky_Hemisphere.uasset" 277
"../../../../../../UnrealProjects/SmallShooter/Content/StarterContent/Textures/T_Perlin_Noise_M.uasset" 278
"../../../../../../UnrealProjects/SmallShooter/Content/StarterContent/Textures/T_Wood_Floor_Walnut_N.uasset" 279
"../../../../../../UnrealProjects/SmallShooter/Content/StarterContent/Textures/T_Wood_Floor_Walnut_M.uasset" 280
"../../../../../../UnrealProjects/SmallShooter/Content/StarterContent/Textures/T_Wood_Floor_Walnut_D.uasset" 281
"../../../../../../UnrealProjects/SmallShooter/Content/StarterContent/Materials/M_Wood_Floor_Walnut_Polished.uasset" 282
"../../../../../../UnrealProjects/SmallShooter/Content/StarterContent/Textures/T_Ground_Grass_N.uasset" 283
"../../../../../../UnrealProjects/SmallShooter/Content/StarterContent/Textures/T_Ground_Grass_D.uasset" 284
"../../../../../../UnrealProjects/SmallShooter/Content/StarterContent/Textures/T_MacroVariation.uasset" 285
"../../../../../../UnrealProjects/SmallShooter/Content/StarterContent/Materials/M_Ground_Grass.uasset" 286
"../../../../../../UnrealProjects/SmallShooter/Content/GoodSky/Source/Materials/M_GoodSky_Sun_Stars.uasset" 287
"../../../../../../UnrealProjects/SmallShooter/Content/StarterContent/Textures/T_Rock_Basalt_D.uasset" 288
"../../../../../../UnrealProjects/SmallShooter/Content/StarterContent/Textures/T_Detail_Rocky_N.uasset" 289
"../../../../../../UnrealProjects/SmallShooter/Content/StarterContent/Textures/T_RockMesh_N.uasset" 290
"../../../../../../UnrealProjects/SmallShooter/Content/StarterContent/Textures/T_RockMesh_M.uasset" 291
"../../../Engine/Content/Functions/Engine_MaterialFunctions02/Utility/BlendAngleCorrectedNormals.uasset" 292
"../../../../../../UnrealProjects/SmallShooter/Content/StarterContent/Props/Materials/M_Rock.uasset" 293
"../../../../../../UnrealProjects/SmallShooter/Content/StarterContent/Props/SM_Rock.uasset" 294
"../../../../../../UnrealProjects/SmallShooter/Content/FirstPerson/Character/Mesh/SK_Mannequin_Arms_Skeleton.uasset" 295
"../../../Engine/Content/Animation/DefaultAnimCurveCompressionSettings.uasset" 296
"../../../Engine/Content/Animation/DefaultAnimBoneCompressionSettings.uasset" 297
"../../../../../../UnrealProjects/SmallShooter/Content/Animation/Rifle_M4/A_Arms_Rifle_Walk_FWD.uasset" 298
"../../../../../../UnrealProjects/SmallShooter/Content/Animation/Rifle_M4/A_Arms_Rifle_Sprint_FWD.uasset" 299
"../../../../../../UnrealProjects/SmallShooter/Content/Animation/Rifle_M4/A_Arms_Rifle_Isight_Idle01.uasset" 300
"../../../../../../UnrealProjects/SmallShooter/Content/Animation/Rifle_M4/A_Arms_Rifle_Idle01.uasset" 301
"../../../../../../UnrealProjects/SmallShooter/Content/Animation/Melee/Y_Walk.uasset" 302
"../../../../../../UnrealProjects/SmallShooter/Content/Animation/Melee/Y_Sprint.uasset" 303
"../../../../../../UnrealProjects/SmallShooter/Content/Animation/Melee/Y_Idle.uasset" 304
"../../../../../../UnrealProjects/SmallShooter/Content/Animation/Y_IdleUnarmedPose.uasset" 305
"../../../../../../UnrealProjects/SmallShooter/Content/Blueprints/Weapon/E_AmmoType.uasset" 306
"../../../../../../UnrealProjects/SmallShooter/Content/MilitaryWeapSilver/FX/Materials/M_Tracer_A.uasset" 307
"../../../../../../UnrealProjects/SmallShooter/Content/MilitaryWeapSilver/FX/Meshes/St_Tracer_A.uasset" 308
"../../../../../../UnrealProjects/SmallShooter/Content/MilitaryWeapSilver/FX/Textures/T_SmokeRibbon_01.uasset" 309
"../../../../../../UnrealProjects/SmallShooter/Content/MilitaryWeapSilver/FX/Materials/M_SmokeRibbon_01.uasset" 310
"../../../../../../UnrealProjects/SmallShooter/Content/MilitaryWeapSilver/FX/P_AssaultRifle_Tracer_01.uasset" 311
"../../../../../../UnrealProjects/SmallShooter/Content/Blueprints/Projectile/BP_BulletDamage.uasset" 312
"../../../../../../UnrealProjects/SmallShooter/Content/Blueprints/Projectile/BP_Bullet.uasset" 313
"../../../Engine/Content/EditorBlueprintResources/StandardMacros.uasset" 314
"../../../../../../UnrealProjects/SmallShooter/Content/Blueprints/Weapon/FireComponents/BP_FireComponentBase.uasset" 315
"../../../../../../UnrealProjects/SmallShooter/Content/Blueprints/Weapon/E_WeaponType.uasset" 316
"../../../../../../UnrealProjects/SmallShooter/Content/Blueprints/Weapon/S_Weapon.uasset" 317
"../../../../../../UnrealProjects/SmallShooter/Content/Animation/BPA_Player.uasset" 318
"../../../../../../UnrealProjects/SmallShooter/Content/Customized_Soldier/Mesh/Parts_Skeleton/SK_Body_PhysicsAsset.uasset" 319
"../../../../../../UnrealProjects/SmallShooter/Content/Customized_Soldier/Textures/Body/T_Body_Normals.uasset" 320
"../../../../../../UnrealProjects/SmallShooter/Content/Customized_Soldier/Textures/Body/T_Body_Metallic.uasset" 321
"../../../../../../UnrealProjects/SmallShooter/Content/Customized_Soldier/Textures/Body/T_Body_Ao.uasset" 322
"../../../../../../UnrealProjects/SmallShooter/Content/Customized_Soldier/Textures/Body/T_Body_Albedo01.uasset" 323
"../../../../../../UnrealProjects/SmallShooter/Content/Customized_Soldier/Materials/MAT_Body_1.uasset" 324
"../../../../../../UnrealProjects/SmallShooter/Content/Customized_Soldier/Mesh/Parts_Skeleton/SK_Body.uasset" 325
"../../../../../../UnrealProjects/SmallShooter/Content/MeleeWeapons/Textures/T_Crowbar_N.uasset" 326
"../../../../../../UnrealProjects/SmallShooter/Content/MeleeWeapons/Textures/T_Crowbar_M.uasset" 327
"../../../../../../UnrealProjects/SmallShooter/Content/MeleeWeapons/Textures/T_Crowbar_BC.uasset" 328
"../../../../../../UnrealProjects/SmallShooter/Content/MeleeWeapons/Textures/T_Axe_N.uasset" 329
"../../../../../../UnrealProjects/SmallShooter/Content/MeleeWeapons/Textures/T_Axe_M.uasset" 330
"../../../../../../UnrealProjects/SmallShooter/Content/MeleeWeapons/Textures/T_Axe_BC.uasset" 331
"../../../Engine/Content/Functions/MaterialLayerFunctions/MatLayerBlend_Standard.uasset" 332
"../../../Engine/Content/Functions/Engine_MaterialFunctions01/ImageAdjustment/CheapContrast.uasset" 333
"../../../Engine/Content/Functions/Engine_MaterialFunctions02/Texturing/HeightLerp.uasset" 334
"../../../../../../UnrealProjects/SmallShooter/Content/MeleeWeapons/Materials/MF_Normal_Intensity.uasset" 335
"../../../../../../UnrealProjects/SmallShooter/Content/MeleeWeapons/Materials/MF_Blood_Mat.uasset" 336
"../../../../../../UnrealProjects/SmallShooter/Content/MeleeWeapons/Materials/MM_Weapon_Mat.uasset" 337
"../../../../../../UnrealProjects/SmallShooter/Content/MeleeWeapons/Materials/M_Crowbar_Mat_Inst.uasset" 338
"../../../../../../UnrealProjects/SmallShooter/Content/MeleeWeapons/Meshes/SM_Crowbar_01.uasset" 339
"../../../../../../UnrealProjects/SmallShooter/Content/FPS_Assault_Pack/Textures/Rifle/T_Rifle_Furniture_NRM.uasset" 340
"../../../../../../UnrealProjects/SmallShooter/Content/FPS_Assault_Pack/Textures/Rifle/T_Rifle_Furniture_M_MSK.uasset" 341
"../../../../../../UnrealProjects/SmallShooter/Content/FPS_Assault_Pack/Textures/Rifle/T_Rifle_Furniture_ALB.uasset" 342
"../../../../../../UnrealProjects/SmallShooter/Content/FPS_Assault_Pack/Textures/Rifle/T_Rifle_NRM.uasset" 343
"../../../../../../UnrealProjects/SmallShooter/Content/FPS_Assault_Pack/Textures/Rifle/T_Rifle_M_MSK.uasset" 344
"../../../../../../UnrealProjects/SmallShooter/Content/FPS_Assault_Pack/Textures/Rifle/T_Rifle_ALB.uasset" 345
"../../../../../../UnrealProjects/SmallShooter/Content/FPS_Assault_Pack/Textures/RU74/T_RU74_Body_NRM.uasset" 346
"../../../../../../UnrealProjects/SmallShooter/Content/FPS_Assault_Pack/Textures/RU74/T_RU74_Body_M_MSK.uasset" 347
"../../../../../../UnrealProjects/SmallShooter/Content/FPS_Assault_Pack/Textures/RU74/T_RU74_Body_ALB.uasset" 348
"../../../../../../UnrealProjects/SmallShooter/Content/FPS_Assault_Pack/Materials/RU74/M_RU74_Master.uasset" 349
"../../../../../../UnrealProjects/SmallShooter/Content/FPS_Assault_Pack/Materials/Rifle/M_Rifle.uasset" 350
"../../../../../../UnrealProjects/SmallShooter/Content/FPS_Assault_Pack/Materials/Rifle/M_Rifle_Furniture.uasset" 351
"../../../../../../UnrealProjects/SmallShooter/Content/FPS_Assault_Pack/Textures/Rifle/T_Rifle_Carry_NRM.uasset" 352
"../../../../../../UnrealProjects/SmallShooter/Content/FPS_Assault_Pack/Textures/Rifle/T_Rifle_Carry_M_MSK.uasset" 353
"../../../../../../UnrealProjects/SmallShooter/Content/FPS_Assault_Pack/Textures/Rifle/T_Rifle_Carry_ALB.uasset" 354
"../../../../../../UnrealProjects/SmallShooter/Content/FPS_Assault_Pack/Materials/Rifle/M_Rifle_Carry.uasset" 355
"../../../../../../UnrealProjects/SmallShooter/Content/FPS_Assault_Pack/Meshes/Rifle/SK_Rifle_PhysicsAsset.uasset" 356
"../../../../../../UnrealProjects/SmallShooter/Content/FPS_Assault_Pack/Meshes/Rifle/SK_Rifle_Skeleton.uasset" 357
"../../../../../../UnrealProjects/SmallShooter/Content/FPS_Assault_Pack/Meshes/Rifle/SK_Rifle.uasset" 358
"../../../../../../UnrealProjects/SmallShooter/Content/Blueprints/HUD/BPI_HUD.uasset" 359
"../../../../../../UnrealProjects/SmallShooter/Content/Blueprints/Effects/BP_DamageCameraShake.uasset" 360
"../../../../../../UnrealProjects/SmallShooter/Content/Blueprints/Animation/E_AnimType.uasset" 361
"../../../../../../UnrealProjects/SmallShooter/Content/Blueprints/Animation/S_PlayerAnimation.uasset" 362
"../../../../../../UnrealProjects/SmallShooter/Content/Animation/Rifle_M4/A_Arms_Rifle_Shoot01.uasset" 363
"../../../../../../UnrealProjects/SmallShooter/Content/Animation/Rifle_M4/A_Arms_Rifle_Shoot01_Montage.uasset" 364
"../../../../../../UnrealProjects/SmallShooter/Content/Animation/Rifle_M4/A_Arms_Rifle_Reload.uasset" 365
"../../../../../../UnrealProjects/SmallShooter/Content/Animation/Rifle_M4/A_Arms_Rifle_Reload_Montage.uasset" 366
"../../../../../../UnrealProjects/SmallShooter/Content/Animation/Rifle_M4/A_Arms_Rifle_Equip.uasset" 367
"../../../../../../UnrealProjects/SmallShooter/Content/Animation/Rifle_M4/A_Arms_Rifle_Equip_Montage.uasset" 368
"../../../../../../UnrealProjects/SmallShooter/Content/Animation/Melee/Y_Unsheathe.uasset" 369
"../../../../../../UnrealProjects/SmallShooter/Content/Animation/Melee/Y_Unsheathe_Montage.uasset" 370
"../../../../../../UnrealProjects/SmallShooter/Content/Animation/Melee/Y_AttackLeft.uasset" 371
"../../../../../../UnrealProjects/SmallShooter/Content/Animation/Melee/Y_AttackLeft_Montage.uasset" 372
"../../../../../../UnrealProjects/SmallShooter/Content/Blueprints/Animation/DT_PlayerAnimations.uasset" 373
"../../../../../../UnrealProjects/SmallShooter/Content/Blueprints/BPI_Player.uasset" 374
"../../../../../../UnrealProjects/SmallShooter/Content/Blueprints/BP_Player.uasset" 375
"../../../../../../UnrealProjects/SmallShooter/Content/Textures/White_Retina/crosshair010.uasset" 376
"../../../../../../UnrealProjects/SmallShooter/Content/Blueprints/HUD/UMG_HUD.uasset" 377
"../../../../../../UnrealProjects/SmallShooter/Content/Blueprints/Gamemode/BP_Game.uasset" 378
"../../../../../../UnrealProjects/SmallShooter/Content/GoodSky/Source/Textures/T_GoodSky_clouds_E.uasset" 379
"../../../../../../UnrealProjects/SmallShooter/Content/GoodSky/Source/Textures/T_GoodSky_clouds_C.uasset" 380
"../../../../../../UnrealProjects/SmallShooter/Content/GoodSky/Source/Mesh/SM_GoodSky_Sphere.uasset" 381
"../../../../../../UnrealProjects/SmallShooter/Content/GoodSky/Source/Data/Enum/Enum_GoodSky_Style_Clouds.uasset" 382
"../../../../../../UnrealProjects/SmallShooter/Content/GoodSky/Source/Data/Enum/Enum_GoodSky_Preset.uasset" 383
"../../../../../../UnrealProjects/SmallShooter/Content/GoodSky/Source/Data/Enum/Enum_GoodSky_Effects.uasset" 384
"../../../../../../UnrealProjects/SmallShooter/Content/GoodSky/Source/Data/Enum/Enum_GoodSky_Clouds_Coverage.uasset" 385
"../../../../../../UnrealProjects/SmallShooter/Content/GoodSky/Source/ArrowTool/M_GoodSky_Sun_Emissive.uasset" 386
"../../../../../../UnrealProjects/SmallShooter/Content/GoodSky/Source/ArrowTool/SM_GoodSky_StarMesh.uasset" 387
"../../../Engine/Content/BasicShapes/Sphere.uasset" 388
"../../../Engine/Content/BasicShapes/Plane.uasset" 389
"../../../../../../UnrealProjects/SmallShooter/Content/GoodSky/Source/Textures/T_GoodSky_Moon.uasset" 390
"../../../Engine/Content/Functions/Engine_MaterialFunctions01/Texturing/ScaleUVsAroundPoint.uasset" 391
"../../../Engine/Content/Functions/Engine_MaterialFunctions01/Density/ExponentialDensity.uasset" 392
"../../../Engine/Content/Functions/Engine_MaterialFunctions01/Gradient/RadialGradientExponential.uasset" 393
"../../../../../../UnrealProjects/SmallShooter/Content/GoodSky/Source/Materials/Material_Function/MF_GoodSky_Moon_Setting.uasset" 394
"../../../../../../UnrealProjects/SmallShooter/Content/GoodSky/Source/Materials/M_GoodSky_Sun_Stars_Moon.uasset" 395
"../../../../../../UnrealProjects/SmallShooter/Content/GoodSky/Source/Textures/T_GoodSky_Lightning.uasset" 396
"../../../../../../UnrealProjects/SmallShooter/Content/GoodSky/Source/Materials/Material_Function/MF_GoodSky_LightningFlick.uasset" 397
"../../../Engine/Content/Functions/Engine_MaterialFunctions01/Texturing/TextureCropping.uasset" 398
"../../../Engine/Content/Functions/Engine_MaterialFunctions01/Texturing/ComputeMipLevel.uasset" 399
"../../../Engine/Content/Functions/Engine_MaterialFunctions02/ExampleContent/Textures/DebugNumberPeriod.uasset" 400
"../../../Engine/Content/Functions/Engine_MaterialFunctions02/ExampleContent/DebugNumberStrip.uasset" 401
"../../../Engine/Content/Functions/Engine_MaterialFunctions02/Utility/DebugScalarValues.uasset" 402
"../../../Engine/Content/Functions/Engine_MaterialFunctions02/Utility/DebugFloat3Values.uasset" 403
"../../../Engine/Content/Functions/Engine_MaterialFunctions02/Math/RGBtoHSV.uasset" 404
"../../../Engine/Content/Functions/Engine_MaterialFunctions01/ImageAdjustment/DeriveHDRfromLDR.uasset" 405
"../../../../../../UnrealProjects/SmallShooter/Content/GoodSky/Source/Materials/M_GoodSky_Storm.uasset" 406
"../../../../../../UnrealProjects/SmallShooter/Content/GoodSky/Source/Materials/M_GoodSky_Moon.uasset" 407
"../../../../../../UnrealProjects/SmallShooter/Content/GoodSky/Source/ArrowTool/T_GoodSky_SkyRing.uasset" 408
"../../../../../../UnrealProjects/SmallShooter/Content/GoodSky/Source/ArrowTool/M_GoodSky_SkyRing_.uasset" 409
"../../../../../../UnrealProjects/SmallShooter/Content/GoodSky/Source/Data/Structure/Structure_GoodSky.uasset" 410
"../../../../../../UnrealProjects/SmallShooter/Content/GoodSky/Source/Data/DataTable/DataTable_GoodSky.uasset" 411
"../../../../../../UnrealProjects/SmallShooter/Content/GoodSky/Source/Data/Curve/Curve_GoodSky_SunDirection_Vector1.uasset" 412
"../../../../../../UnrealProjects/SmallShooter/Content/GoodSky/Source/Data/Curve/Curve_GoodSky_SunDirection_Vector.uasset" 413
"../../../../../../UnrealProjects/SmallShooter/Content/GoodSky/Source/Data/Curve/Curve_GoodSky_horizon_Color.uasset" 414
"../../../../../../UnrealProjects/SmallShooter/Content/GoodSky/Source/Data/Curve/Curve_GoodSky_DomeColor.uasset" 415
"../../../../../../UnrealProjects/SmallShooter/Content/GoodSky/Source/Data/Enum/Enum_GoodSky_MeshType.uasset" 416
"../../../../../../UnrealProjects/SmallShooter/Content/GoodSky/Source/Data/Curve/Curve_GoodSky_BaseCloudColor.uasset" 417
"../../../../../../UnrealProjects/SmallShooter/Content/GoodSky/Source/Data/Curve/Curve_GoodSky_AllOverlayColor.uasset" 418
"../../../../../../UnrealProjects/SmallShooter/Content/GoodSky/Source/Data/Curve/Curve_GoodSky_SunLight.uasset" 419
"../../../../../../UnrealProjects/SmallShooter/Content/GoodSky/Source/Data/Curve/Curve_GoodSky_Stars.uasset" 420
"../../../../../../UnrealProjects/SmallShooter/Content/GoodSky/Blueprint/BP_GoodSky.uasset" 421
"../../../../../../UnrealProjects/SmallShooter/Content/Maps/Level_BuiltData.uasset" 422
"../../../../../../UnrealProjects/SmallShooter/Content/Maps/Level.umap" 423
"../../../../../../UnrealProjects/SmallShooter/Content/Geometry/Meshes/CubeMaterial.uasset" 424
"../../../../../../UnrealProjects/SmallShooter/Content/Geometry/Meshes/1M_Cube.uasset" 425
"../../../Engine/Content/EngineSky/T_Sky_Stars.uasset" 426
"../../../Engine/Content/EngineSky/T_Sky_Clouds_M.uasset" 427
"../../../Engine/Content/EngineSky/T_Sky_Blue.uasset" 428
"../../../../../../UnrealProjects/SmallShooter/Content/StarterContent/Textures/T_Concrete_Tiles_Variation_M.uasset" 429
"../../../../../../UnrealProjects/SmallShooter/Content/StarterContent/Textures/T_Concrete_Tiles_N.uasset" 430
"../../../../../../UnrealProjects/SmallShooter/Content/StarterContent/Textures/T_Concrete_Tiles_M.uasset" 431
"../../../../../../UnrealProjects/SmallShooter/Content/StarterContent/Textures/T_Concrete_Tiles_D.uasset" 432
"../../../../../../UnrealProjects/SmallShooter/Content/StarterContent/Materials/M_Concrete_Tiles.uasset" 433
"../../../Engine/Content/Functions/Engine_MaterialFunctions03/Procedurals/ComputeFilterWidth.uasset" 434
"../../../Engine/Content/EngineMaterials/AntiAliasedTextMaterialTranslucent.uasset" 435
"../../../../../../UnrealProjects/SmallShooter/Content/FirstPersonBP/Maps/FirstPersonExampleMap_BuiltData.uasset" 436
"../../../../../../UnrealProjects/SmallShooter/Content/FirstPerson/Meshes/BaseMaterial.uasset" 437
"../../../../../../UnrealProjects/SmallShooter/Content/FirstPerson/Meshes/CubeMaterialOverride.uasset" 438
"../../../Engine/Content/EngineSky/M_Sky_Panning_Clouds2.uasset" 439
"../../../Engine/Content/EngineSky/SM_SkySphere.uasset" 440
"../../../Engine/Content/EngineSky/C_Sky_Zenith_Color.uasset" 441
"../../../Engine/Content/EngineSky/C_Sky_Horizon_Color.uasset" 442
"../../../Engine/Content/EngineSky/C_Sky_Cloud_Color.uasset" 443
"../../../Engine/Content/EngineSky/BP_Sky_Sphere.uasset" 444
"../../../../../../UnrealProjects/SmallShooter/Content/MeleeWeapons/SK_PipeWrench_01_SM_PipeWrench_01_LOD0_Skeleton.uasset" 445
"../../../../../../UnrealProjects/SmallShooter/Content/MeleeWeapons/SK_PipeWrench_01_SM_PipeWrench_01_LOD0_PhysicsAsset.uasset" 446
"../../../../../../UnrealProjects/SmallShooter/Content/MeleeWeapons/Textures/T_PipeWrench_N.uasset" 447
"../../../../../../UnrealProjects/SmallShooter/Content/MeleeWeapons/Textures/T_PipeWrench_M.uasset" 448
"../../../../../../UnrealProjects/SmallShooter/Content/MeleeWeapons/Textures/T_PipeWrench_BC.uasset" 449
"../../../../../../UnrealProjects/SmallShooter/Content/MeleeWeapons/Materials/M_PipeWrench_Mat_Inst.uasset" 450
"../../../../../../UnrealProjects/SmallShooter/Content/MeleeWeapons/SK_PipeWrench_01.uasset" 451
"../../../../../../UnrealProjects/SmallShooter/Content/Sounds/Weapons/ar2/ar2_fire3.uasset" 452
"../../../../../../UnrealProjects/SmallShooter/Content/Sounds/Weapons/ar2/ar2_fire2.uasset" 453
"../../../../../../UnrealProjects/SmallShooter/Content/Sounds/Weapons/ar2/ar2_fire1.uasset" 454
"../../../../../../UnrealProjects/SmallShooter/Content/MilitaryWeapSilver/Sound/Attenuation/WeaponShot_att.uasset" 455
"../../../../../../UnrealProjects/SmallShooter/Content/Sounds/Weapons/ar2/ar2_fire_Cue.uasset" 456
"../../../../../../UnrealProjects/SmallShooter/Content/FPS_Assault_Pack/Textures/Ammunition/T_762x39_NRM.uasset" 457
"../../../../../../UnrealProjects/SmallShooter/Content/FPS_Assault_Pack/Textures/Ammunition/T_762x39_M_MSK.uasset" 458
"../../../../../../UnrealProjects/SmallShooter/Content/FPS_Assault_Pack/Textures/Ammunition/T_762x39_ALB.uasset" 459
"../../../../../../UnrealProjects/SmallShooter/Content/FPS_Assault_Pack/Materials/Ammunition/M_762x39.uasset" 460
"../../../../../../UnrealProjects/SmallShooter/Content/FPS_Assault_Pack/Meshes/Ammunition/SM_762x39_Empty.uasset" 461
"../../../../../../UnrealProjects/SmallShooter/Content/FPS_Assault_Pack/Particles/Textures/T_Smoke_SubUV_2x2_ALB.uasset" 462
"../../../../../../UnrealProjects/SmallShooter/Content/FPS_Assault_Pack/Particles/Materials/M_Smoke_MASTER.uasset" 463
"../../../../../../UnrealProjects/SmallShooter/Content/FPS_Assault_Pack/Particles/Emitters/Rifle/P_Rifle_ShellEject.uasset" 464
"../../../../../../UnrealProjects/SmallShooter/Content/FPS_Assault_Pack/Particles/Textures/T_Detailed_FMP.uasset" 465
"../../../../../../UnrealProjects/SmallShooter/Content/FPS_Assault_Pack/Particles/Textures/T_Detailed_and_Dense_FMP.uasset" 466
"../../../../../../UnrealProjects/SmallShooter/Content/FPS_Assault_Pack/Particles/Textures/T_CleanSmoke_ALB.uasset" 467
"../../../../../../UnrealProjects/SmallShooter/Content/FPS_Assault_Pack/Particles/Materials/M_Smoke_FlowMap_MASTER.uasset" 468
"../../../../../../UnrealProjects/SmallShooter/Content/FPS_Assault_Pack/Particles/Materials/M_Smoke_FlowMap_01.uasset" 469
"../../../../../../UnrealProjects/SmallShooter/Content/FPS_Assault_Pack/Particles/Textures/T_Muzzleflash_01_ALB.uasset" 470
"../../../../../../UnrealProjects/SmallShooter/Content/FPS_Assault_Pack/Particles/Textures/T_Muzzle_Warp_FMP.uasset" 471
"../../../../../../UnrealProjects/SmallShooter/Content/FPS_Assault_Pack/Particles/Materials/M_Muzzleflash_MASTER.uasset" 472
"../../../../../../UnrealProjects/SmallShooter/Content/FPS_Assault_Pack/Particles/Materials/M_Muzzleflash_01.uasset" 473
"../../../../../../UnrealProjects/SmallShooter/Content/FPS_Assault_Pack/Particles/Materials/M_Spark.uasset" 474
"../../../../../../UnrealProjects/SmallShooter/Content/FPS_Assault_Pack/Particles/Emitters/Rifle/P_Rifle_Muzzleflash.uasset" 475
"../../../../../../UnrealProjects/SmallShooter/Content/FPS_Assault_Pack/Animations/Rifle/A_Rifle_Shoot01.uasset" 476
"../../../../../../UnrealProjects/SmallShooter/Content/FPS_Assault_Pack/Animations/Rifle/A_Rifle_Shoot01_Montage.uasset" 477
"../../../../../../UnrealProjects/SmallShooter/Content/FPS_Assault_Pack/Animations/Rifle/A_Rifle_Reload.uasset" 478
"../../../../../../UnrealProjects/SmallShooter/Content/FPS_Assault_Pack/Animations/Rifle/A_Rifle_Reload_Montage.uasset" 479
"../../../../../../UnrealProjects/SmallShooter/Content/Blueprints/Weapon/DT_Weapons.uasset" 480
"../../../../../../UnrealProjects/SmallShooter/Content/Blueprints/LimbSystem/S_LimbData.uasset" 481
"../../../../../../UnrealProjects/SmallShooter/Content/Blueprints/AI/ZombieAI/BPI_Zombie.uasset" 482
"../../../../../../UnrealProjects/SmallShooter/Content/Blueprints/AI/ZombieAI/BTT_Attack.uasset" 483
"../../../../../../UnrealProjects/SmallShooter/Content/Blueprints/AI/ZombieAI/BB_Zombie.uasset" 484
"../../../../../../UnrealProjects/SmallShooter/Content/Blueprints/AI/BT/BP_IsTrue.uasset" 485
"../../../../../../UnrealProjects/SmallShooter/Content/Blueprints/AI/ZombieAI/BT_Zombie.uasset" 486
"../../../../../../UnrealProjects/SmallShooter/Content/Blueprints/AI/ZombieAI/BP_ZombieAI.uasset" 487
"../../../../../../UnrealProjects/SmallShooter/Content/Polygonmaker/Animations/Undead/Anim_Zombie_ground-move_inplace.uasset" 488
"../../../../../../UnrealProjects/SmallShooter/Content/Polygonmaker/Animations/Undead/Anim_Zombie_hit1.uasset" 489
"../../../../../../UnrealProjects/SmallShooter/Content/Polygonmaker/Animations/Undead/Anim_Zombie_hit1_Montage.uasset" 490
"../../../../../../UnrealProjects/SmallShooter/Content/Polygonmaker/Animations/Undead/Anim_Zombie_ground-attack.uasset" 491
"../../../../../../UnrealProjects/SmallShooter/Content/Polygonmaker/Animations/Undead/Anim_Zombie_ground-attack_Montage.uasset" 492
"../../../../../../UnrealProjects/SmallShooter/Content/Polygonmaker/Animations/Undead/Anim_Zombie_attack3.uasset" 493
"../../../../../../UnrealProjects/SmallShooter/Content/Polygonmaker/Animations/Undead/Anim_Zombie_attack3_Montage.uasset" 494
"../../../../../../UnrealProjects/SmallShooter/Content/Polygonmaker/Animations/Undead/Anim_Zombie_ground_Idle.uasset" 495
"../../../../../../UnrealProjects/SmallShooter/Content/Polygonmaker/Animations/Undead/BS_Locomotion_Torso.uasset" 496
"../../../../../../UnrealProjects/SmallShooter/Content/Polygonmaker/Animations/Undead/Anim_Zombie_walk1_inplace.uasset" 497
"../../../../../../UnrealProjects/SmallShooter/Content/Polygonmaker/Animations/Undead/Anim_Zombie_run2_inplace.uasset" 498
"../../../../../../UnrealProjects/SmallShooter/Content/Polygonmaker/Animations/Undead/Anim_Zombie_idle.uasset" 499
"../../../../../../UnrealProjects/SmallShooter/Content/Polygonmaker/Animations/Undead/BS_Locomotion_Normal.uasset" 500
"../../../../../../UnrealProjects/SmallShooter/Content/Animation/Zombie/BPA_Zombie.uasset" 501
"../../../../../../UnrealProjects/SmallShooter/Content/Blueprints/AI/BP_Zombie.uasset" 502
"../../../../../../UnrealProjects/SmallShooter/Content/FirstPersonBP/Maps/FirstPersonExampleMap.umap" 503
"../../../Engine/Content/Maps/Entry_BuiltData.uasset" 504
"../../../Engine/Content/Maps/Entry.umap" 505
